<?xml version="1.0" encoding="UTF-8"?>
<coverage generated="1489012857">
  <project timestamp="1489012857">
    <file name="C:\Users\User\PhpstormProjects\StringKata\src/StringCalculator.php">
      <class name="StringCalculator" namespace="global">
        <metrics complexity="2" methods="2" coveredmethods="2" conditionals="0" coveredconditionals="0" statements="3" coveredstatements="3" elements="5" coveredelements="5"/>
      </class>
      <line num="15" type="method" name="__construct" visibility="public" complexity="1" crap="1" count="6"/>
      <line num="17" type="stmt" count="6"/>
      <line num="19" type="method" name="add" visibility="public" complexity="1" crap="1" count="5"/>
      <line num="21" type="stmt" count="5"/>
      <line num="22" type="stmt" count="5"/>
      <metrics loc="23" ncloc="14" classes="1" methods="2" coveredmethods="2" conditionals="0" coveredconditionals="0" statements="3" coveredstatements="3" elements="5" coveredelements="5"/>
    </file>
    <metrics files="1" loc="23" ncloc="14" classes="1" methods="2" coveredmethods="2" conditionals="0" coveredconditionals="0" statements="3" coveredstatements="3" elements="5" coveredelements="5"/>
  </project>
</coverage>
